<?xml version="1.0" encoding="UTF-8"?>
<testsuite name="pl.edu.agh.csg.VMCountOverflowTest" tests="1" skipped="0" failures="0" errors="0" timestamp="2024-02-09T22:17:07" hostname="pop-os" time="0.006">
  <properties/>
  <testcase name="testHandleNegativeMi" classname="pl.edu.agh.csg.VMCountOverflowTest" time="0.006"/>
  <system-out><![CDATA[DATACENTER_HOSTS_CNT: 5
22:17:07.141 [Test worker] INFO  pl.edu.agh.csg.SimulationFactory - Simulation parameters: 
22:17:07.142 [Test worker] INFO  pl.edu.agh.csg.SimulationFactory - -> initialSVmCount: 1
22:17:07.142 [Test worker] INFO  pl.edu.agh.csg.SimulationFactory - -> initialMVmCount: 1
22:17:07.142 [Test worker] INFO  pl.edu.agh.csg.SimulationFactory - -> initialLVmCount: 1
22:17:07.142 [Test worker] INFO  pl.edu.agh.csg.SimulationFactory - -> simulationSpeedUp: 60.0
22:17:07.142 [Test worker] INFO  pl.edu.agh.csg.SimulationFactory - -> queueWaitPenalty: 1.0E-5
22:17:07.142 [Test worker] INFO  pl.edu.agh.csg.SimulationFactory - -> splitLargeJobs: true
22:17:07.142 [Test worker] INFO  pl.edu.agh.csg.SimulationFactory - Deserialized 1 jobs
22:17:07.142 [Test worker] INFO  pl.edu.agh.csg.SimulationFactory - Simulation settings dump
22:17:07.142 [Test worker] INFO  pl.edu.agh.csg.SimulationFactory - SimulationSettings{
vmRunningHourlyCost=0.2
, hostPeMips=10000
, hostBw=50000
, hostRam=65536
, hostSize=16000
, hostPeCnt=14
, defaultInitialVmCount=10
, queueWaitPenalty=1.0E-5
, datacenterHostsCnt=5
, basicVmRam=8192
, basicVmPeCount=2
, maxVmsPerSize=3000
, printJobsPeriodically=false
, payingForTheFullHour=false
}
22:17:07.142 [Test worker] INFO  pl.edu.agh.csg.SimulationFactory - Splitting large jobs
22:17:07.142 [Test worker] INFO  pl.edu.agh.csg.SimulationFactory - Splitted: 1 into 1
22:17:07.142 [Test worker] INFO  pl.edu.agh.csg.WrappedSimulation - Sim0 Creating simulation: Sim0
22:17:07.142 [Test worker] INFO  pl.edu.agh.csg.WrappedSimulation - Sim0 Reset initiated
22:17:07.142 [Test worker] INFO  CloudSim - 
================== Starting CloudSim Plus 5.0.4 ==================

22:17:07.142 [Test worker] INFO  DatacenterSimple - LoggingDatacenter2 is starting...
22:17:07.142 [Test worker] INFO  CloudSim - Entities started.
22:17:07.142 [Test worker] INFO  pl.edu.agh.csg.CloudSimProxy - Simulation progress: submitted: 0.0% Waiting list size: 0
22:17:07.142 [Test worker] INFO  VmAllocationPolicyAbstract - 0.00: VmAllocationPolicySimple: Vm 0 (S) has been allocated to Host 0/DC 2
22:17:07.143 [Test worker] INFO  VmAllocationPolicyAbstract - 0.00: VmAllocationPolicySimple: Vm 1 (M) has been allocated to Host 0/DC 2
22:17:07.143 [Test worker] INFO  VmAllocationPolicyAbstract - 0.00: VmAllocationPolicySimple: Vm 2 (L) has been allocated to Host 0/DC 2
22:17:07.143 [Test worker] INFO  pl.edu.agh.csg.CloudSimProxy - Simulation progress: submitted: 100.0% Waiting list size: 0
Result: SimulationStepResult{done=false, obs=[3.333333333333333E-4, 0.0, 0.0, 0.0, 0.0, 1.0, -0.3333333333333333], reward=-0.02748}
22:17:07.144 [Test worker] INFO  pl.edu.agh.csg.CloudSimProxy - Simulation progress: submitted: 100.0% Waiting list size: 0
22:17:07.144 [Test worker] INFO  VmAllocationPolicyAbstract - 1.55: VmAllocationPolicySimple: Vm 3 (S) has been allocated to Host 1/DC 2
22:17:07.144 [Test worker] INFO  pl.edu.agh.csg.CloudSimProxy - End of simulation, some reality check stats:
22:17:07.144 [Test worker] INFO  pl.edu.agh.csg.CloudSimProxy - All jobs: 1
22:17:07.144 [Test worker] INFO  pl.edu.agh.csg.CloudSimProxy - SUCCESS: 1
22:17:07.144 [Test worker] INFO  pl.edu.agh.csg.CloudSimProxy - Jobs which are still queued
22:17:07.144 [Test worker] INFO  pl.edu.agh.csg.CloudSimProxy - Jobs which are still executed
22:17:07.144 [Test worker] INFO  pl.edu.agh.csg.SimulationHistory - Simulation History
22:17:07.144 [Test worker] INFO  pl.edu.agh.csg.SimulationHistory - reward: [-0.02748, -0.030240000000000003]
22:17:07.144 [Test worker] INFO  pl.edu.agh.csg.SimulationHistory - small_vms: [2, 3]
22:17:07.144 [Test worker] INFO  pl.edu.agh.csg.SimulationHistory - resourceCost: [0.02688, 0.030240000000000003]
22:17:07.144 [Test worker] INFO  pl.edu.agh.csg.SimulationHistory - action: [1, 1]
22:17:07.144 [Test worker] INFO  pl.edu.agh.csg.SimulationHistory - medium_vms: [1, 1]
22:17:07.144 [Test worker] INFO  pl.edu.agh.csg.SimulationHistory - large_vms: [1, 1]
Result: SimulationStepResult{done=true, obs=[3.8095238095238096E-4, 0.0, 0.0, 0.0, 0.0, 0.0, -0.0], reward=-0.030240000000000003}
22:17:07.145 [Test worker] INFO  pl.edu.agh.csg.WrappedSimulation - Sim0 Simulation is synchronous - doing nothing
]]></system-out>
  <system-err><![CDATA[]]></system-err>
</testsuite>
